<?xml version="1.0" encoding="UTF-8"?>
<testsuite xmlns:xsi="http://www.w3.org/2001/XMLSchema-instance"
           xsi:noNamespaceSchemaLocation="https://maven.apache.org/surefire/maven-surefire-plugin/xsd/surefire-test-report.xsd"
           name="com.tlm.could.product.server.mapper.ProductInfoMapperTest" time="0.248" tests="2" errors="0"
           skipped="0" failures="0">
    <properties>
        <property name="sun.desktop" value="windows"/>
        <property name="awt.toolkit" value="sun.awt.windows.WToolkit"/>
        <property name="file.encoding.pkg" value="sun.io"/>
        <property name="java.specification.version" value="1.8"/>
        <property name="sun.cpu.isalist" value="amd64"/>
        <property name="sun.jnu.encoding" value="GBK"/>
        <property name="java.class.path"
                  value="D:\myCode\javaCode\mall\spring-could-demo\product\product-server\target\test-classes;D:\myCode\javaCode\mall\spring-could-demo\product\product-server\target\classes;D:\resource\jar\org\springframework\boot\spring-boot-starter-web\2.0.6.RELEASE\spring-boot-starter-web-2.0.6.RELEASE.jar;D:\resource\jar\org\springframework\boot\spring-boot-starter\2.0.6.RELEASE\spring-boot-starter-2.0.6.RELEASE.jar;D:\resource\jar\org\springframework\boot\spring-boot\2.0.6.RELEASE\spring-boot-2.0.6.RELEASE.jar;D:\resource\jar\org\springframework\boot\spring-boot-autoconfigure\2.0.6.RELEASE\spring-boot-autoconfigure-2.0.6.RELEASE.jar;D:\resource\jar\org\springframework\boot\spring-boot-starter-logging\2.0.6.RELEASE\spring-boot-starter-logging-2.0.6.RELEASE.jar;D:\resource\jar\ch\qos\logback\logback-classic\1.2.3\logback-classic-1.2.3.jar;D:\resource\jar\ch\qos\logback\logback-core\1.2.3\logback-core-1.2.3.jar;D:\resource\jar\org\apache\logging\log4j\log4j-to-slf4j\2.10.0\log4j-to-slf4j-2.10.0.jar;D:\resource\jar\org\apache\logging\log4j\log4j-api\2.10.0\log4j-api-2.10.0.jar;D:\resource\jar\org\slf4j\jul-to-slf4j\1.7.25\jul-to-slf4j-1.7.25.jar;D:\resource\jar\javax\annotation\javax.annotation-api\1.3.2\javax.annotation-api-1.3.2.jar;D:\resource\jar\org\yaml\snakeyaml\1.19\snakeyaml-1.19.jar;D:\resource\jar\org\springframework\boot\spring-boot-starter-json\2.0.6.RELEASE\spring-boot-starter-json-2.0.6.RELEASE.jar;D:\resource\jar\com\fasterxml\jackson\core\jackson-databind\2.9.7\jackson-databind-2.9.7.jar;D:\resource\jar\com\fasterxml\jackson\datatype\jackson-datatype-jdk8\2.9.7\jackson-datatype-jdk8-2.9.7.jar;D:\resource\jar\com\fasterxml\jackson\datatype\jackson-datatype-jsr310\2.9.7\jackson-datatype-jsr310-2.9.7.jar;D:\resource\jar\com\fasterxml\jackson\module\jackson-module-parameter-names\2.9.7\jackson-module-parameter-names-2.9.7.jar;D:\resource\jar\org\springframework\boot\spring-boot-starter-tomcat\2.0.6.RELEASE\spring-boot-starter-tomcat-2.0.6.RELEASE.jar;D:\resource\jar\org\apache\tomcat\embed\tomcat-embed-core\8.5.34\tomcat-embed-core-8.5.34.jar;D:\resource\jar\org\apache\tomcat\embed\tomcat-embed-el\8.5.34\tomcat-embed-el-8.5.34.jar;D:\resource\jar\org\apache\tomcat\embed\tomcat-embed-websocket\8.5.34\tomcat-embed-websocket-8.5.34.jar;D:\resource\jar\org\hibernate\validator\hibernate-validator\6.0.13.Final\hibernate-validator-6.0.13.Final.jar;D:\resource\jar\javax\validation\validation-api\2.0.1.Final\validation-api-2.0.1.Final.jar;D:\resource\jar\org\jboss\logging\jboss-logging\3.3.2.Final\jboss-logging-3.3.2.Final.jar;D:\resource\jar\com\fasterxml\classmate\1.3.4\classmate-1.3.4.jar;D:\resource\jar\org\springframework\spring-web\5.0.10.RELEASE\spring-web-5.0.10.RELEASE.jar;D:\resource\jar\org\springframework\spring-beans\5.0.10.RELEASE\spring-beans-5.0.10.RELEASE.jar;D:\resource\jar\org\springframework\spring-webmvc\5.0.10.RELEASE\spring-webmvc-5.0.10.RELEASE.jar;D:\resource\jar\org\springframework\spring-aop\5.0.10.RELEASE\spring-aop-5.0.10.RELEASE.jar;D:\resource\jar\org\springframework\spring-context\5.0.10.RELEASE\spring-context-5.0.10.RELEASE.jar;D:\resource\jar\org\springframework\spring-expression\5.0.10.RELEASE\spring-expression-5.0.10.RELEASE.jar;D:\resource\jar\org\springframework\cloud\spring-cloud-starter-netflix-eureka-client\2.0.2.RELEASE\spring-cloud-starter-netflix-eureka-client-2.0.2.RELEASE.jar;D:\resource\jar\org\springframework\cloud\spring-cloud-starter\2.0.2.RELEASE\spring-cloud-starter-2.0.2.RELEASE.jar;D:\resource\jar\org\springframework\cloud\spring-cloud-context\2.0.2.RELEASE\spring-cloud-context-2.0.2.RELEASE.jar;D:\resource\jar\org\springframework\security\spring-security-crypto\5.0.9.RELEASE\spring-security-crypto-5.0.9.RELEASE.jar;D:\resource\jar\org\springframework\cloud\spring-cloud-commons\2.0.2.RELEASE\spring-cloud-commons-2.0.2.RELEASE.jar;D:\resource\jar\org\springframework\security\spring-security-rsa\1.0.7.RELEASE\spring-security-rsa-1.0.7.RELEASE.jar;D:\resource\jar\org\bouncycastle\bcpkix-jdk15on\1.60\bcpkix-jdk15on-1.60.jar;D:\resource\jar\org\bouncycastle\bcprov-jdk15on\1.60\bcprov-jdk15on-1.60.jar;D:\resource\jar\org\springframework\cloud\spring-cloud-netflix-core\2.0.2.RELEASE\spring-cloud-netflix-core-2.0.2.RELEASE.jar;D:\resource\jar\org\springframework\boot\spring-boot-starter-aop\2.0.6.RELEASE\spring-boot-starter-aop-2.0.6.RELEASE.jar;D:\resource\jar\org\aspectj\aspectjweaver\1.8.13\aspectjweaver-1.8.13.jar;D:\resource\jar\org\springframework\cloud\spring-cloud-netflix-eureka-client\2.0.2.RELEASE\spring-cloud-netflix-eureka-client-2.0.2.RELEASE.jar;D:\resource\jar\com\netflix\eureka\eureka-client\1.9.3\eureka-client-1.9.3.jar;D:\resource\jar\org\codehaus\jettison\jettison\1.3.7\jettison-1.3.7.jar;D:\resource\jar\stax\stax-api\1.0.1\stax-api-1.0.1.jar;D:\resource\jar\com\netflix\netflix-commons\netflix-eventbus\0.3.0\netflix-eventbus-0.3.0.jar;D:\resource\jar\com\netflix\netflix-commons\netflix-infix\0.3.0\netflix-infix-0.3.0.jar;D:\resource\jar\commons-jxpath\commons-jxpath\1.3\commons-jxpath-1.3.jar;D:\resource\jar\joda-time\joda-time\2.9.9\joda-time-2.9.9.jar;D:\resource\jar\org\antlr\antlr-runtime\3.4\antlr-runtime-3.4.jar;D:\resource\jar\org\antlr\stringtemplate\3.2.1\stringtemplate-3.2.1.jar;D:\resource\jar\antlr\antlr\2.7.7\antlr-2.7.7.jar;D:\resource\jar\com\google\code\gson\gson\2.8.5\gson-2.8.5.jar;D:\resource\jar\org\apache\commons\commons-math\2.2\commons-math-2.2.jar;D:\resource\jar\com\netflix\archaius\archaius-core\0.7.6\archaius-core-0.7.6.jar;D:\resource\jar\com\google\guava\guava\16.0\guava-16.0.jar;D:\resource\jar\javax\ws\rs\jsr311-api\1.1.1\jsr311-api-1.1.1.jar;D:\resource\jar\com\netflix\servo\servo-core\0.12.21\servo-core-0.12.21.jar;D:\resource\jar\com\sun\jersey\jersey-core\1.19.1\jersey-core-1.19.1.jar;D:\resource\jar\com\sun\jersey\jersey-client\1.19.1\jersey-client-1.19.1.jar;D:\resource\jar\com\sun\jersey\contribs\jersey-apache-client4\1.19.1\jersey-apache-client4-1.19.1.jar;D:\resource\jar\org\apache\httpcomponents\httpclient\4.5.6\httpclient-4.5.6.jar;D:\resource\jar\org\apache\httpcomponents\httpcore\4.4.10\httpcore-4.4.10.jar;D:\resource\jar\commons-codec\commons-codec\1.11\commons-codec-1.11.jar;D:\resource\jar\com\google\inject\guice\4.1.0\guice-4.1.0.jar;D:\resource\jar\javax\inject\javax.inject\1\javax.inject-1.jar;D:\resource\jar\aopalliance\aopalliance\1.0\aopalliance-1.0.jar;D:\resource\jar\com\github\vlsi\compactmap\compactmap\1.2.1\compactmap-1.2.1.jar;D:\resource\jar\com\github\andrewoma\dexx\dexx-collections\0.2\dexx-collections-0.2.jar;D:\resource\jar\com\fasterxml\jackson\core\jackson-annotations\2.9.0\jackson-annotations-2.9.0.jar;D:\resource\jar\com\fasterxml\jackson\core\jackson-core\2.9.7\jackson-core-2.9.7.jar;D:\resource\jar\com\netflix\eureka\eureka-core\1.9.3\eureka-core-1.9.3.jar;D:\resource\jar\org\codehaus\woodstox\woodstox-core-asl\4.4.1\woodstox-core-asl-4.4.1.jar;D:\resource\jar\javax\xml\stream\stax-api\1.0-2\stax-api-1.0-2.jar;D:\resource\jar\org\codehaus\woodstox\stax2-api\3.1.4\stax2-api-3.1.4.jar;D:\resource\jar\org\springframework\cloud\spring-cloud-starter-netflix-archaius\2.0.2.RELEASE\spring-cloud-starter-netflix-archaius-2.0.2.RELEASE.jar;D:\resource\jar\org\springframework\cloud\spring-cloud-netflix-ribbon\2.0.2.RELEASE\spring-cloud-netflix-ribbon-2.0.2.RELEASE.jar;D:\resource\jar\org\springframework\cloud\spring-cloud-netflix-archaius\2.0.2.RELEASE\spring-cloud-netflix-archaius-2.0.2.RELEASE.jar;D:\resource\jar\commons-configuration\commons-configuration\1.8\commons-configuration-1.8.jar;D:\resource\jar\commons-lang\commons-lang\2.6\commons-lang-2.6.jar;D:\resource\jar\org\springframework\cloud\spring-cloud-starter-netflix-ribbon\2.0.2.RELEASE\spring-cloud-starter-netflix-ribbon-2.0.2.RELEASE.jar;D:\resource\jar\com\netflix\ribbon\ribbon\2.2.5\ribbon-2.2.5.jar;D:\resource\jar\com\netflix\ribbon\ribbon-transport\2.2.5\ribbon-transport-2.2.5.jar;D:\resource\jar\io\reactivex\rxnetty-contexts\0.4.9\rxnetty-contexts-0.4.9.jar;D:\resource\jar\io\reactivex\rxnetty-servo\0.4.9\rxnetty-servo-0.4.9.jar;D:\resource\jar\com\netflix\hystrix\hystrix-core\1.5.12\hystrix-core-1.5.12.jar;D:\resource\jar\org\hdrhistogram\HdrHistogram\2.1.9\HdrHistogram-2.1.9.jar;D:\resource\jar\io\reactivex\rxnetty\0.4.9\rxnetty-0.4.9.jar;D:\resource\jar\com\netflix\ribbon\ribbon-core\2.2.5\ribbon-core-2.2.5.jar;D:\resource\jar\com\netflix\ribbon\ribbon-httpclient\2.2.5\ribbon-httpclient-2.2.5.jar;D:\resource\jar\commons-collections\commons-collections\3.2.2\commons-collections-3.2.2.jar;D:\resource\jar\com\netflix\netflix-commons\netflix-commons-util\0.3.0\netflix-commons-util-0.3.0.jar;D:\resource\jar\com\netflix\ribbon\ribbon-loadbalancer\2.2.5\ribbon-loadbalancer-2.2.5.jar;D:\resource\jar\com\netflix\netflix-commons\netflix-statistics\0.1.1\netflix-statistics-0.1.1.jar;D:\resource\jar\io\reactivex\rxjava\1.3.8\rxjava-1.3.8.jar;D:\resource\jar\com\netflix\ribbon\ribbon-eureka\2.2.5\ribbon-eureka-2.2.5.jar;D:\resource\jar\org\slf4j\slf4j-api\1.7.25\slf4j-api-1.7.25.jar;D:\resource\jar\com\thoughtworks\xstream\xstream\1.4.10\xstream-1.4.10.jar;D:\resource\jar\xmlpull\xmlpull\1.1.3.1\xmlpull-1.1.3.1.jar;D:\resource\jar\xpp3\xpp3_min\1.1.4c\xpp3_min-1.1.4c.jar;D:\resource\jar\org\mybatis\spring\boot\mybatis-spring-boot-starter\2.0.1\mybatis-spring-boot-starter-2.0.1.jar;D:\resource\jar\org\springframework\boot\spring-boot-starter-jdbc\2.0.6.RELEASE\spring-boot-starter-jdbc-2.0.6.RELEASE.jar;D:\resource\jar\com\zaxxer\HikariCP\2.7.9\HikariCP-2.7.9.jar;D:\resource\jar\org\springframework\spring-jdbc\5.0.10.RELEASE\spring-jdbc-5.0.10.RELEASE.jar;D:\resource\jar\org\springframework\spring-tx\5.0.10.RELEASE\spring-tx-5.0.10.RELEASE.jar;D:\resource\jar\org\mybatis\spring\boot\mybatis-spring-boot-autoconfigure\2.0.1\mybatis-spring-boot-autoconfigure-2.0.1.jar;D:\resource\jar\org\mybatis\mybatis\3.5.1\mybatis-3.5.1.jar;D:\resource\jar\org\mybatis\mybatis-spring\2.0.1\mybatis-spring-2.0.1.jar;D:\resource\jar\mysql\mysql-connector-java\8.0.11\mysql-connector-java-8.0.11.jar;D:\resource\jar\com\google\protobuf\protobuf-java\2.6.0\protobuf-java-2.6.0.jar;D:\resource\jar\org\springframework\boot\spring-boot-starter-test\2.0.6.RELEASE\spring-boot-starter-test-2.0.6.RELEASE.jar;D:\resource\jar\org\springframework\boot\spring-boot-test\2.0.6.RELEASE\spring-boot-test-2.0.6.RELEASE.jar;D:\resource\jar\org\springframework\boot\spring-boot-test-autoconfigure\2.0.6.RELEASE\spring-boot-test-autoconfigure-2.0.6.RELEASE.jar;D:\resource\jar\com\jayway\jsonpath\json-path\2.4.0\json-path-2.4.0.jar;D:\resource\jar\net\minidev\json-smart\2.3\json-smart-2.3.jar;D:\resource\jar\net\minidev\accessors-smart\1.2\accessors-smart-1.2.jar;D:\resource\jar\org\ow2\asm\asm\5.0.4\asm-5.0.4.jar;D:\resource\jar\junit\junit\4.12\junit-4.12.jar;D:\resource\jar\org\assertj\assertj-core\3.9.1\assertj-core-3.9.1.jar;D:\resource\jar\org\mockito\mockito-core\2.15.0\mockito-core-2.15.0.jar;D:\resource\jar\net\bytebuddy\byte-buddy\1.7.11\byte-buddy-1.7.11.jar;D:\resource\jar\net\bytebuddy\byte-buddy-agent\1.7.11\byte-buddy-agent-1.7.11.jar;D:\resource\jar\org\objenesis\objenesis\2.6\objenesis-2.6.jar;D:\resource\jar\org\hamcrest\hamcrest-core\1.3\hamcrest-core-1.3.jar;D:\resource\jar\org\hamcrest\hamcrest-library\1.3\hamcrest-library-1.3.jar;D:\resource\jar\org\skyscreamer\jsonassert\1.5.0\jsonassert-1.5.0.jar;D:\resource\jar\com\vaadin\external\google\android-json\0.0.20131108.vaadin1\android-json-0.0.20131108.vaadin1.jar;D:\resource\jar\org\springframework\spring-core\5.0.10.RELEASE\spring-core-5.0.10.RELEASE.jar;D:\resource\jar\org\springframework\spring-jcl\5.0.10.RELEASE\spring-jcl-5.0.10.RELEASE.jar;D:\resource\jar\org\springframework\spring-test\5.0.10.RELEASE\spring-test-5.0.10.RELEASE.jar;D:\resource\jar\org\xmlunit\xmlunit-core\2.5.1\xmlunit-core-2.5.1.jar;D:\resource\jar\org\projectlombok\lombok\1.16.22\lombok-1.16.22.jar;"/>
        <property name="java.vm.vendor" value="Oracle Corporation"/>
        <property name="sun.arch.data.model" value="64"/>
        <property name="user.variant" value=""/>
        <property name="java.vendor.url" value="http://java.oracle.com/"/>
        <property name="user.timezone" value=""/>
        <property name="java.vm.specification.version" value="1.8"/>
        <property name="os.name" value="Windows 10"/>
        <property name="user.country" value="CN"/>
        <property name="sun.java.launcher" value="SUN_STANDARD"/>
        <property name="sun.boot.library.path" value="D:\software\Java\jdk1.8.0_161\jre\bin"/>
        <property name="sun.java.command"
                  value="C:\Users\唐黎明\AppData\Local\Temp\surefire4558626672013236787\surefirebooter5603410964319053701.jar C:\Users\唐黎明\AppData\Local\Temp\surefire4558626672013236787 2019-06-17T17-25-45_571-jvmRun1 surefire5868279162856205944tmp surefire_02304438168924556738tmp"/>
        <property name="surefire.test.class.path"
                  value="D:\myCode\javaCode\mall\spring-could-demo\product\product-server\target\test-classes;D:\myCode\javaCode\mall\spring-could-demo\product\product-server\target\classes;D:\resource\jar\org\springframework\boot\spring-boot-starter-web\2.0.6.RELEASE\spring-boot-starter-web-2.0.6.RELEASE.jar;D:\resource\jar\org\springframework\boot\spring-boot-starter\2.0.6.RELEASE\spring-boot-starter-2.0.6.RELEASE.jar;D:\resource\jar\org\springframework\boot\spring-boot\2.0.6.RELEASE\spring-boot-2.0.6.RELEASE.jar;D:\resource\jar\org\springframework\boot\spring-boot-autoconfigure\2.0.6.RELEASE\spring-boot-autoconfigure-2.0.6.RELEASE.jar;D:\resource\jar\org\springframework\boot\spring-boot-starter-logging\2.0.6.RELEASE\spring-boot-starter-logging-2.0.6.RELEASE.jar;D:\resource\jar\ch\qos\logback\logback-classic\1.2.3\logback-classic-1.2.3.jar;D:\resource\jar\ch\qos\logback\logback-core\1.2.3\logback-core-1.2.3.jar;D:\resource\jar\org\apache\logging\log4j\log4j-to-slf4j\2.10.0\log4j-to-slf4j-2.10.0.jar;D:\resource\jar\org\apache\logging\log4j\log4j-api\2.10.0\log4j-api-2.10.0.jar;D:\resource\jar\org\slf4j\jul-to-slf4j\1.7.25\jul-to-slf4j-1.7.25.jar;D:\resource\jar\javax\annotation\javax.annotation-api\1.3.2\javax.annotation-api-1.3.2.jar;D:\resource\jar\org\yaml\snakeyaml\1.19\snakeyaml-1.19.jar;D:\resource\jar\org\springframework\boot\spring-boot-starter-json\2.0.6.RELEASE\spring-boot-starter-json-2.0.6.RELEASE.jar;D:\resource\jar\com\fasterxml\jackson\core\jackson-databind\2.9.7\jackson-databind-2.9.7.jar;D:\resource\jar\com\fasterxml\jackson\datatype\jackson-datatype-jdk8\2.9.7\jackson-datatype-jdk8-2.9.7.jar;D:\resource\jar\com\fasterxml\jackson\datatype\jackson-datatype-jsr310\2.9.7\jackson-datatype-jsr310-2.9.7.jar;D:\resource\jar\com\fasterxml\jackson\module\jackson-module-parameter-names\2.9.7\jackson-module-parameter-names-2.9.7.jar;D:\resource\jar\org\springframework\boot\spring-boot-starter-tomcat\2.0.6.RELEASE\spring-boot-starter-tomcat-2.0.6.RELEASE.jar;D:\resource\jar\org\apache\tomcat\embed\tomcat-embed-core\8.5.34\tomcat-embed-core-8.5.34.jar;D:\resource\jar\org\apache\tomcat\embed\tomcat-embed-el\8.5.34\tomcat-embed-el-8.5.34.jar;D:\resource\jar\org\apache\tomcat\embed\tomcat-embed-websocket\8.5.34\tomcat-embed-websocket-8.5.34.jar;D:\resource\jar\org\hibernate\validator\hibernate-validator\6.0.13.Final\hibernate-validator-6.0.13.Final.jar;D:\resource\jar\javax\validation\validation-api\2.0.1.Final\validation-api-2.0.1.Final.jar;D:\resource\jar\org\jboss\logging\jboss-logging\3.3.2.Final\jboss-logging-3.3.2.Final.jar;D:\resource\jar\com\fasterxml\classmate\1.3.4\classmate-1.3.4.jar;D:\resource\jar\org\springframework\spring-web\5.0.10.RELEASE\spring-web-5.0.10.RELEASE.jar;D:\resource\jar\org\springframework\spring-beans\5.0.10.RELEASE\spring-beans-5.0.10.RELEASE.jar;D:\resource\jar\org\springframework\spring-webmvc\5.0.10.RELEASE\spring-webmvc-5.0.10.RELEASE.jar;D:\resource\jar\org\springframework\spring-aop\5.0.10.RELEASE\spring-aop-5.0.10.RELEASE.jar;D:\resource\jar\org\springframework\spring-context\5.0.10.RELEASE\spring-context-5.0.10.RELEASE.jar;D:\resource\jar\org\springframework\spring-expression\5.0.10.RELEASE\spring-expression-5.0.10.RELEASE.jar;D:\resource\jar\org\springframework\cloud\spring-cloud-starter-netflix-eureka-client\2.0.2.RELEASE\spring-cloud-starter-netflix-eureka-client-2.0.2.RELEASE.jar;D:\resource\jar\org\springframework\cloud\spring-cloud-starter\2.0.2.RELEASE\spring-cloud-starter-2.0.2.RELEASE.jar;D:\resource\jar\org\springframework\cloud\spring-cloud-context\2.0.2.RELEASE\spring-cloud-context-2.0.2.RELEASE.jar;D:\resource\jar\org\springframework\security\spring-security-crypto\5.0.9.RELEASE\spring-security-crypto-5.0.9.RELEASE.jar;D:\resource\jar\org\springframework\cloud\spring-cloud-commons\2.0.2.RELEASE\spring-cloud-commons-2.0.2.RELEASE.jar;D:\resource\jar\org\springframework\security\spring-security-rsa\1.0.7.RELEASE\spring-security-rsa-1.0.7.RELEASE.jar;D:\resource\jar\org\bouncycastle\bcpkix-jdk15on\1.60\bcpkix-jdk15on-1.60.jar;D:\resource\jar\org\bouncycastle\bcprov-jdk15on\1.60\bcprov-jdk15on-1.60.jar;D:\resource\jar\org\springframework\cloud\spring-cloud-netflix-core\2.0.2.RELEASE\spring-cloud-netflix-core-2.0.2.RELEASE.jar;D:\resource\jar\org\springframework\boot\spring-boot-starter-aop\2.0.6.RELEASE\spring-boot-starter-aop-2.0.6.RELEASE.jar;D:\resource\jar\org\aspectj\aspectjweaver\1.8.13\aspectjweaver-1.8.13.jar;D:\resource\jar\org\springframework\cloud\spring-cloud-netflix-eureka-client\2.0.2.RELEASE\spring-cloud-netflix-eureka-client-2.0.2.RELEASE.jar;D:\resource\jar\com\netflix\eureka\eureka-client\1.9.3\eureka-client-1.9.3.jar;D:\resource\jar\org\codehaus\jettison\jettison\1.3.7\jettison-1.3.7.jar;D:\resource\jar\stax\stax-api\1.0.1\stax-api-1.0.1.jar;D:\resource\jar\com\netflix\netflix-commons\netflix-eventbus\0.3.0\netflix-eventbus-0.3.0.jar;D:\resource\jar\com\netflix\netflix-commons\netflix-infix\0.3.0\netflix-infix-0.3.0.jar;D:\resource\jar\commons-jxpath\commons-jxpath\1.3\commons-jxpath-1.3.jar;D:\resource\jar\joda-time\joda-time\2.9.9\joda-time-2.9.9.jar;D:\resource\jar\org\antlr\antlr-runtime\3.4\antlr-runtime-3.4.jar;D:\resource\jar\org\antlr\stringtemplate\3.2.1\stringtemplate-3.2.1.jar;D:\resource\jar\antlr\antlr\2.7.7\antlr-2.7.7.jar;D:\resource\jar\com\google\code\gson\gson\2.8.5\gson-2.8.5.jar;D:\resource\jar\org\apache\commons\commons-math\2.2\commons-math-2.2.jar;D:\resource\jar\com\netflix\archaius\archaius-core\0.7.6\archaius-core-0.7.6.jar;D:\resource\jar\com\google\guava\guava\16.0\guava-16.0.jar;D:\resource\jar\javax\ws\rs\jsr311-api\1.1.1\jsr311-api-1.1.1.jar;D:\resource\jar\com\netflix\servo\servo-core\0.12.21\servo-core-0.12.21.jar;D:\resource\jar\com\sun\jersey\jersey-core\1.19.1\jersey-core-1.19.1.jar;D:\resource\jar\com\sun\jersey\jersey-client\1.19.1\jersey-client-1.19.1.jar;D:\resource\jar\com\sun\jersey\contribs\jersey-apache-client4\1.19.1\jersey-apache-client4-1.19.1.jar;D:\resource\jar\org\apache\httpcomponents\httpclient\4.5.6\httpclient-4.5.6.jar;D:\resource\jar\org\apache\httpcomponents\httpcore\4.4.10\httpcore-4.4.10.jar;D:\resource\jar\commons-codec\commons-codec\1.11\commons-codec-1.11.jar;D:\resource\jar\com\google\inject\guice\4.1.0\guice-4.1.0.jar;D:\resource\jar\javax\inject\javax.inject\1\javax.inject-1.jar;D:\resource\jar\aopalliance\aopalliance\1.0\aopalliance-1.0.jar;D:\resource\jar\com\github\vlsi\compactmap\compactmap\1.2.1\compactmap-1.2.1.jar;D:\resource\jar\com\github\andrewoma\dexx\dexx-collections\0.2\dexx-collections-0.2.jar;D:\resource\jar\com\fasterxml\jackson\core\jackson-annotations\2.9.0\jackson-annotations-2.9.0.jar;D:\resource\jar\com\fasterxml\jackson\core\jackson-core\2.9.7\jackson-core-2.9.7.jar;D:\resource\jar\com\netflix\eureka\eureka-core\1.9.3\eureka-core-1.9.3.jar;D:\resource\jar\org\codehaus\woodstox\woodstox-core-asl\4.4.1\woodstox-core-asl-4.4.1.jar;D:\resource\jar\javax\xml\stream\stax-api\1.0-2\stax-api-1.0-2.jar;D:\resource\jar\org\codehaus\woodstox\stax2-api\3.1.4\stax2-api-3.1.4.jar;D:\resource\jar\org\springframework\cloud\spring-cloud-starter-netflix-archaius\2.0.2.RELEASE\spring-cloud-starter-netflix-archaius-2.0.2.RELEASE.jar;D:\resource\jar\org\springframework\cloud\spring-cloud-netflix-ribbon\2.0.2.RELEASE\spring-cloud-netflix-ribbon-2.0.2.RELEASE.jar;D:\resource\jar\org\springframework\cloud\spring-cloud-netflix-archaius\2.0.2.RELEASE\spring-cloud-netflix-archaius-2.0.2.RELEASE.jar;D:\resource\jar\commons-configuration\commons-configuration\1.8\commons-configuration-1.8.jar;D:\resource\jar\commons-lang\commons-lang\2.6\commons-lang-2.6.jar;D:\resource\jar\org\springframework\cloud\spring-cloud-starter-netflix-ribbon\2.0.2.RELEASE\spring-cloud-starter-netflix-ribbon-2.0.2.RELEASE.jar;D:\resource\jar\com\netflix\ribbon\ribbon\2.2.5\ribbon-2.2.5.jar;D:\resource\jar\com\netflix\ribbon\ribbon-transport\2.2.5\ribbon-transport-2.2.5.jar;D:\resource\jar\io\reactivex\rxnetty-contexts\0.4.9\rxnetty-contexts-0.4.9.jar;D:\resource\jar\io\reactivex\rxnetty-servo\0.4.9\rxnetty-servo-0.4.9.jar;D:\resource\jar\com\netflix\hystrix\hystrix-core\1.5.12\hystrix-core-1.5.12.jar;D:\resource\jar\org\hdrhistogram\HdrHistogram\2.1.9\HdrHistogram-2.1.9.jar;D:\resource\jar\io\reactivex\rxnetty\0.4.9\rxnetty-0.4.9.jar;D:\resource\jar\com\netflix\ribbon\ribbon-core\2.2.5\ribbon-core-2.2.5.jar;D:\resource\jar\com\netflix\ribbon\ribbon-httpclient\2.2.5\ribbon-httpclient-2.2.5.jar;D:\resource\jar\commons-collections\commons-collections\3.2.2\commons-collections-3.2.2.jar;D:\resource\jar\com\netflix\netflix-commons\netflix-commons-util\0.3.0\netflix-commons-util-0.3.0.jar;D:\resource\jar\com\netflix\ribbon\ribbon-loadbalancer\2.2.5\ribbon-loadbalancer-2.2.5.jar;D:\resource\jar\com\netflix\netflix-commons\netflix-statistics\0.1.1\netflix-statistics-0.1.1.jar;D:\resource\jar\io\reactivex\rxjava\1.3.8\rxjava-1.3.8.jar;D:\resource\jar\com\netflix\ribbon\ribbon-eureka\2.2.5\ribbon-eureka-2.2.5.jar;D:\resource\jar\org\slf4j\slf4j-api\1.7.25\slf4j-api-1.7.25.jar;D:\resource\jar\com\thoughtworks\xstream\xstream\1.4.10\xstream-1.4.10.jar;D:\resource\jar\xmlpull\xmlpull\1.1.3.1\xmlpull-1.1.3.1.jar;D:\resource\jar\xpp3\xpp3_min\1.1.4c\xpp3_min-1.1.4c.jar;D:\resource\jar\org\mybatis\spring\boot\mybatis-spring-boot-starter\2.0.1\mybatis-spring-boot-starter-2.0.1.jar;D:\resource\jar\org\springframework\boot\spring-boot-starter-jdbc\2.0.6.RELEASE\spring-boot-starter-jdbc-2.0.6.RELEASE.jar;D:\resource\jar\com\zaxxer\HikariCP\2.7.9\HikariCP-2.7.9.jar;D:\resource\jar\org\springframework\spring-jdbc\5.0.10.RELEASE\spring-jdbc-5.0.10.RELEASE.jar;D:\resource\jar\org\springframework\spring-tx\5.0.10.RELEASE\spring-tx-5.0.10.RELEASE.jar;D:\resource\jar\org\mybatis\spring\boot\mybatis-spring-boot-autoconfigure\2.0.1\mybatis-spring-boot-autoconfigure-2.0.1.jar;D:\resource\jar\org\mybatis\mybatis\3.5.1\mybatis-3.5.1.jar;D:\resource\jar\org\mybatis\mybatis-spring\2.0.1\mybatis-spring-2.0.1.jar;D:\resource\jar\mysql\mysql-connector-java\8.0.11\mysql-connector-java-8.0.11.jar;D:\resource\jar\com\google\protobuf\protobuf-java\2.6.0\protobuf-java-2.6.0.jar;D:\resource\jar\org\springframework\boot\spring-boot-starter-test\2.0.6.RELEASE\spring-boot-starter-test-2.0.6.RELEASE.jar;D:\resource\jar\org\springframework\boot\spring-boot-test\2.0.6.RELEASE\spring-boot-test-2.0.6.RELEASE.jar;D:\resource\jar\org\springframework\boot\spring-boot-test-autoconfigure\2.0.6.RELEASE\spring-boot-test-autoconfigure-2.0.6.RELEASE.jar;D:\resource\jar\com\jayway\jsonpath\json-path\2.4.0\json-path-2.4.0.jar;D:\resource\jar\net\minidev\json-smart\2.3\json-smart-2.3.jar;D:\resource\jar\net\minidev\accessors-smart\1.2\accessors-smart-1.2.jar;D:\resource\jar\org\ow2\asm\asm\5.0.4\asm-5.0.4.jar;D:\resource\jar\junit\junit\4.12\junit-4.12.jar;D:\resource\jar\org\assertj\assertj-core\3.9.1\assertj-core-3.9.1.jar;D:\resource\jar\org\mockito\mockito-core\2.15.0\mockito-core-2.15.0.jar;D:\resource\jar\net\bytebuddy\byte-buddy\1.7.11\byte-buddy-1.7.11.jar;D:\resource\jar\net\bytebuddy\byte-buddy-agent\1.7.11\byte-buddy-agent-1.7.11.jar;D:\resource\jar\org\objenesis\objenesis\2.6\objenesis-2.6.jar;D:\resource\jar\org\hamcrest\hamcrest-core\1.3\hamcrest-core-1.3.jar;D:\resource\jar\org\hamcrest\hamcrest-library\1.3\hamcrest-library-1.3.jar;D:\resource\jar\org\skyscreamer\jsonassert\1.5.0\jsonassert-1.5.0.jar;D:\resource\jar\com\vaadin\external\google\android-json\0.0.20131108.vaadin1\android-json-0.0.20131108.vaadin1.jar;D:\resource\jar\org\springframework\spring-core\5.0.10.RELEASE\spring-core-5.0.10.RELEASE.jar;D:\resource\jar\org\springframework\spring-jcl\5.0.10.RELEASE\spring-jcl-5.0.10.RELEASE.jar;D:\resource\jar\org\springframework\spring-test\5.0.10.RELEASE\spring-test-5.0.10.RELEASE.jar;D:\resource\jar\org\xmlunit\xmlunit-core\2.5.1\xmlunit-core-2.5.1.jar;D:\resource\jar\org\projectlombok\lombok\1.16.22\lombok-1.16.22.jar;"/>
        <property name="sun.cpu.endian" value="little"/>
        <property name="user.home" value="C:\Users\唐黎明"/>
        <property name="user.language" value="zh"/>
        <property name="java.specification.vendor" value="Oracle Corporation"/>
        <property name="java.home" value="D:\software\Java\jdk1.8.0_161\jre"/>
        <property name="basedir" value="D:\myCode\javaCode\mall\spring-could-demo\product\product-server"/>
        <property name="file.separator" value="\"/>
        <property name="line.separator" value="&#10;"/>
        <property name="java.vm.specification.vendor" value="Oracle Corporation"/>
        <property name="java.specification.name" value="Java Platform API Specification"/>
        <property name="java.awt.graphicsenv" value="sun.awt.Win32GraphicsEnvironment"/>
        <property name="surefire.real.class.path"
                  value="C:\Users\唐黎明\AppData\Local\Temp\surefire4558626672013236787\surefirebooter5603410964319053701.jar"/>
        <property name="sun.boot.class.path"
                  value="D:\software\Java\jdk1.8.0_161\jre\lib\resources.jar;D:\software\Java\jdk1.8.0_161\jre\lib\rt.jar;D:\software\Java\jdk1.8.0_161\jre\lib\sunrsasign.jar;D:\software\Java\jdk1.8.0_161\jre\lib\jsse.jar;D:\software\Java\jdk1.8.0_161\jre\lib\jce.jar;D:\software\Java\jdk1.8.0_161\jre\lib\charsets.jar;D:\software\Java\jdk1.8.0_161\jre\lib\jfr.jar;D:\software\Java\jdk1.8.0_161\jre\classes"/>
        <property name="user.script" value=""/>
        <property name="sun.management.compiler" value="HotSpot 64-Bit Tiered Compilers"/>
        <property name="java.runtime.version" value="1.8.0_161-b12"/>
        <property name="user.name" value="唐黎明"/>
        <property name="path.separator" value=";"/>
        <property name="os.version" value="10.0"/>
        <property name="java.endorsed.dirs" value="D:\software\Java\jdk1.8.0_161\jre\lib\endorsed"/>
        <property name="java.runtime.name" value="Java(TM) SE Runtime Environment"/>
        <property name="file.encoding" value="GBK"/>
        <property name="java.vm.name" value="Java HotSpot(TM) 64-Bit Server VM"/>
        <property name="localRepository" value="D:\resource\jar"/>
        <property name="java.vendor.url.bug" value="http://bugreport.sun.com/bugreport/"/>
        <property name="java.io.tmpdir" value="C:\Users\唐黎明\AppData\Local\Temp\"/>
        <property name="java.version" value="1.8.0_161"/>
        <property name="user.dir" value="D:\myCode\javaCode\mall\spring-could-demo\product\product-server"/>
        <property name="os.arch" value="amd64"/>
        <property name="java.vm.specification.name" value="Java Virtual Machine Specification"/>
        <property name="java.awt.printerjob" value="sun.awt.windows.WPrinterJob"/>
        <property name="sun.os.patch.level" value=""/>
        <property name="java.library.path"
                  value="D:\software\Java\jdk1.8.0_161\jre\bin;C:\WINDOWS\Sun\Java\bin;C:\WINDOWS\system32;C:\WINDOWS;C:\ProgramData\Oracle\Java\javapath;C:\Program Files (x86)\Intel\iCLS Client\;C:\Program Files\Intel\iCLS Client\;C:\Windows\system32;C:\Windows;C:\Windows\System32\Wbem;C:\Windows\System32\WindowsPowerShell\v1.0\;C:\Program Files (x86)\NVIDIA Corporation\PhysX\Common;C:\Program Files (x86)\Intel\Intel(R) Management Engine Components\DAL;C:\Program Files\Intel\Intel(R) Management Engine Components\DAL;C:\Program Files (x86)\Intel\Intel(R) Management Engine Components\IPT;C:\Program Files\Intel\Intel(R) Management Engine Components\IPT;C:\Program Files\Intel\WiFi\bin\;C:\Program Files\Common Files\Intel\WirelessCommon\;C:\Program Files\MySQL\MySQL Server 5.5\bin;D:\software\MongoDb\bin;C:\WINDOWS\system32;C:\WINDOWS;C:\WINDOWS\System32\Wbem;C:\WINDOWS\System32\WindowsPowerShell\v1.0\;D:\software\Java\jdk1.8.0_161\bin;D:\software\apache-maven-3.5.3\bin;C:\WINDOWS\System32\OpenSSH\;C:\Users\唐黎明\AppData\Local\Yarn\bin;D:\software\node\node.exe;D:\software\Git\cmd;D:\software\node\;D:\software\scala-2.12.8\bin;D:\resource\nodejs\npm_global\;C:\Program Files\MySQL\MySQL Shell 8.0\bin\;C:\Users\唐黎明\AppData\Local\GitHubDesktop\bin;D:\software\Microsoft VS Code\bin;."/>
        <property name="java.vm.info" value="mixed mode"/>
        <property name="java.vendor" value="Oracle Corporation"/>
        <property name="java.vm.version" value="25.161-b12"/>
        <property name="java.ext.dirs" value="D:\software\Java\jdk1.8.0_161\jre\lib\ext;C:\WINDOWS\Sun\Java\lib\ext"/>
        <property name="sun.io.unicode.encoding" value="UnicodeLittle"/>
        <property name="java.class.version" value="52.0"/>
    </properties>
    <testcase name="getProductInfoListByIds" classname="com.tlm.could.product.server.mapper.ProductInfoMapperTest"
              time="0.025"/>
    <testcase name="contextLoads" classname="com.tlm.could.product.server.mapper.ProductInfoMapperTest" time="0"/>
</testsuite>
